New log file opened at Sun Dec 04 09:42:50 CST 2016 by 1732@win7-PC
Taking next connection to: 65268
New client attempting to connect on port: 65269-65268
  Address = /10.0.75.1:65268
Handshake exception on socket: 65269
sbt.impl.ipc.HandshakeException: Unable to perform handshake
	at sbt.impl.ipc.Peer.handshake(IPC.scala:46)
	at sbt.impl.ipc.MultiClientServer.<init>(IPC.scala:150)
	at sbt.server.SbtServerSocketHandler$$anon$1.run(SbtServerSocketHandler.scala:43)
Caused by: java.net.SocketException: Software caused connection abort: recv failed
	at java.net.SocketInputStream.socketRead0(Native Method)
	at java.net.SocketInputStream.socketRead(SocketInputStream.java:116)
	at java.net.SocketInputStream.read(SocketInputStream.java:170)
	at java.net.SocketInputStream.read(SocketInputStream.java:141)
	at java.io.BufferedInputStream.fill(BufferedInputStream.java:246)
	at java.io.BufferedInputStream.read(BufferedInputStream.java:265)
	at java.io.DataInputStream.readInt(DataInputStream.java:387)
	at sbt.impl.ipc.Peer.receive(IPC.scala:95)
	at sbt.impl.ipc.Peer.handshake(IPC.scala:49)
	... 2 more
Taking next connection to: 65268
New client attempting to connect on port: 65270-65268
  Address = /10.0.75.1:65268
This client on port 65270 has uuid 89888d60-ce7f-4f23-b567-c8c371f44e80 configName activator humanReadableName Activator protocolVersion 3 featureTags Vector()
Connected Clients: activator-89888d60-ce7f-4f23-b567-c8c371f44e80
Taking next connection to: 65268
New client attempting to connect on port: 65271-65268
  Address = /10.0.75.1:65268
This client on port 65271 has uuid 2107237c-8b99-4def-b2ab-aecf79659553 configName activator humanReadableName Activator protocolVersion 3 featureTags Vector()
Connected Clients: activator-89888d60-ce7f-4f23-b567-c8c371f44e80, activator-2107237c-8b99-4def-b2ab-aecf79659553
Taking next connection to: 65268
New client attempting to connect on port: 65285-65268
  Address = /10.0.75.1:65268
Handshake exception on socket: 65285
sbt.impl.ipc.HandshakeException: Unable to perform handshake
	at sbt.impl.ipc.Peer.handshake(IPC.scala:46)
	at sbt.impl.ipc.MultiClientServer.<init>(IPC.scala:150)
	at sbt.server.SbtServerSocketHandler$$anon$1.run(SbtServerSocketHandler.scala:43)
Caused by: java.net.SocketException: Software caused connection abort: recv failed
	at java.net.SocketInputStream.socketRead0(Native Method)
	at java.net.SocketInputStream.socketRead(SocketInputStream.java:116)
	at java.net.SocketInputStream.read(SocketInputStream.java:170)
	at java.net.SocketInputStream.read(SocketInputStream.java:141)
	at java.io.BufferedInputStream.fill(BufferedInputStream.java:246)
	at java.io.BufferedInputStream.read(BufferedInputStream.java:265)
	at java.io.DataInputStream.readInt(DataInputStream.java:387)
	at sbt.impl.ipc.Peer.receive(IPC.scala:95)
	at sbt.impl.ipc.Peer.handshake(IPC.scala:49)
	... 2 more
Taking next connection to: 65268
New client attempting to connect on port: 65286-65268
  Address = /10.0.75.1:65268
This client on port 65286 has uuid ba3b9f91-ed9e-4aaa-a32c-668a19c8efc6 configName play-fork-run humanReadableName Play Fork Run protocolVersion 1 featureTags Vector()
Connected Clients: activator-2107237c-8b99-4def-b2ab-aecf79659553, play-fork-run-ba3b9f91-ed9e-4aaa-a32c-668a19c8efc6
Taking next connection to: 65268
Checking to see if clients are empty...
We have 1 non-daemon clients, continuing serving connections.
Taking next connection to: 65268
Checking to see if clients are empty...
We have 1 non-daemon clients, continuing serving connections.
Taking next connection to: 65268
Checking to see if clients are empty...
We have 1 non-daemon clients, continuing serving connections.
Taking next connection to: 65268
Checking to see if clients are empty...
We have 1 non-daemon clients, continuing serving connections.
Taking next connection to: 65268
Checking to see if clients are empty...
We have 1 non-daemon clients, continuing serving connections.
Taking next connection to: 65268
Checking to see if clients are empty...
We have 1 non-daemon clients, continuing serving connections.
Taking next connection to: 65268
Checking to see if clients are empty...
No non-daemon clients connected after 3 min. Shutting down.
1 daemon clients are connected.
Server socket thread exiting.
1 clients open, will close them...
All client sockets have been closed.
Closing the 1732@win7-PC logs at Sun Dec 04 10:06:12 CST 2016, goodbye.
